make all --print-data-base --no-builtin-variables --no-builtin-rules --question
# GNU Make 3.81
 
# Copyright (C) 2006  Free Software Foundation, Inc.
# This is free software; see the source for copying conditions.
# There is NO warranty; not even for MERCHANTABILITY or FITNESS FOR A
# PARTICULAR PURPOSE.

# This program built for i386-apple-darwin11.3.0
 
make: *** No rule to make target `all'.  Stop.
 

# Make data base, printed on Wed Jan 19 00:03:58 2022

# Variables

# automatic
<D = $(patsubst %/,%,$(dir $<))
# automatic
?F = $(notdir $?)
# environment
GREP_COLOR = 1;33
# environment
VSCODE_LOG_NATIVE = false
# automatic
?D = $(patsubst %/,%,$(dir $?))
# automatic
@D = $(patsubst %/,%,$(dir $@))
# automatic
@F = $(notdir $@)
# makefile
CURDIR := /Users/wsx/Documents/GitHub/self-study
# makefile
SHELL = /bin/sh
# environment
VSCODE_NLS_CONFIG = {"locale":"zh-cn","availableLanguages":{"*":"zh-cn"},"_languagePackId":"85dc8b33bfa057e31dfd84e9a10f67e1.zh-cn","_translationsConfigFile":"/Users/wsx/Library/Application Support/Code/clp/85dc8b33bfa057e31dfd84e9a10f67e1.zh-cn/tcf.json","_cacheRoot":"/Users/wsx/Library/Application Support/Code/clp/85dc8b33bfa057e31dfd84e9a10f67e1.zh-cn","_resolvedLanguagePackCoreLocation":"/Users/wsx/Library/Application Support/Code/clp/85dc8b33bfa057e31dfd84e9a10f67e1.zh-cn/fe719cd3e5825bf14e14182fddeb88ee8daf044f","_corruptedFile":"/Users/wsx/Library/Application Support/Code/clp/85dc8b33bfa057e31dfd84e9a10f67e1.zh-cn/corrupted.info","_languagePackSupport":true}
# environment
_ = /usr/bin/make
# environment
GITHUB_TOKEN = 7a55dd8b5f78de407e401881c74a3e4b689c1c9d
# makefile
MAKEFILE_LIST := 
# environment
GO111MODULE = on
# environment
VSCODE_AMD_ENTRYPOINT = vs/workbench/services/extensions/node/extensionHostProcess
# environment
VSCODE_VERBOSE_LOGGING = true
# environment
__CFBundleIdentifier = com.microsoft.VSCode
# environment
VSCODE_IPC_HOOK_EXTHOST = /var/folders/bj/nw1w4g1j37ddpgb6zmh3sfh80000gn/T/vscode-ipc-6eccc435-66be-4e46-b69c-e1a1674c2bd2.sock
# environment
VSCODE_CWD = /
# environment
GOPROXY = https://goproxy.cn,direct
# environment
PATH = /usr/local/opt/openjdk/bin:/Users/wsx/go/bin:/Users/wsx/.local/bin:/Users/wsx/Library/Python/3.8/bin:/usr/local/bin:/usr/bin:/bin:/usr/sbin:/sbin:/Applications/VMware Fusion.app/Contents/Public:/usr/local/go/bin:/opt/X11/bin:/Library/Apple/usr/bin:/Users/wsx/.cargo/bin:/Users/wsx/development/flutter/bin
# environment
LSCOLORS = exfxcxdxbxegedabagacad
# environment
GOPATH = /Users/wsx/go
# environment
GITEE_TOKEN = 5d7629a9192bdc4c4c39da3a2b85fdcc
# environment
VSCODE_LOG_STACK = false
# environment
ELECTRON_RUN_AS_NODE = 1
# default
.FEATURES := target-specific order-only second-expansion else-if archives jobserver check-symlink
# environment
LS_COLORS = di=34;40:ln=35;40:so=32;40:pi=33;40:ex=31;40:bd=34;46:cd=34;43:su=0;41:sg=0;46:tw=0;42:ow=0;43:
# environment
SSH_AUTH_SOCK = /private/tmp/com.apple.launchd.POgsfJqNQl/Listeners
# automatic
%F = $(notdir $%)
# environment
DISPLAY = /private/tmp/com.apple.launchd.vCf2tpg1i1/org.xquartz:0
# environment
VSCODE_PIPE_LOGGING = true
# environment
PWD = /Users/wsx/Documents/GitHub/self-study
# environment
ORIGINAL_XDG_CURRENT_DESKTOP = undefined
# environment
GOMODCACHE = /Users/wsx/go/pkg/mod
# environment
HOME = /Users/wsx
# default
MAKEFILEPATH := /Applications/Xcode.app/Contents/Developer/Makefiles
 
# environment
VSCODE_CODE_CACHE_PATH = /Users/wsx/Library/Application Support/Code/CachedData/fe719cd3e5825bf14e14182fddeb88ee8daf044f
# environment
LOGNAME = wsx
# environment
APPLICATION_INSIGHTS_NO_DIAGNOSTIC_CHANNEL = true
# environment
ZSH = /Users/wsx/.oh-my-zsh
# environment
VSCODE_HANDLES_UNCAUGHT_ERRORS = true
# automatic
^D = $(patsubst %/,%,$(dir $^))
# environment
XPC_FLAGS = 0x0
# default
MAKE = $(MAKE_COMMAND)
# default
MAKECMDGOALS := all
# environment
SHLVL = 1
# default
MAKE_VERSION := 3.81
# environment
USER = wsx
# environment
AZURE_TOKEN = n7iwtjfvjpnconn3xuy3e6pybfi2bgnxqbjbvailycfmf2ilm4vq
# makefile
.DEFAULT_GOAL := 
# environment
HOMEBREW_BOTTLE_DOMAIN = https://mirrors.ustc.edu.cn/homebrew-bottles
# environment
LESS = -R
# automatic
%D = $(patsubst %/,%,$(dir $%))
# default
MAKE_COMMAND := /Applications/Xcode.app/Contents/Developer/usr/bin/make
# default
.VARIABLES := 
# environment
TMPDIR = /var/folders/bj/nw1w4g1j37ddpgb6zmh3sfh80000gn/T/
# automatic
*F = $(notdir $*)
# environment
NODE_PATH = /usr/local/lib/node_modules
# environment
VSCODE_IPC_HOOK = /Users/wsx/Library/Application Support/Code/1.63.1-main.sock
# makefile
MAKEFLAGS = Rrqp
# environment
MFLAGS = -Rrqp
# automatic
*D = $(patsubst %/,%,$(dir $*))
# environment
XPC_SERVICE_NAME = application.com.microsoft.VSCode.33030967.33030974
# automatic
+D = $(patsubst %/,%,$(dir $+))
# automatic
+F = $(notdir $+)
# environment
__CF_USER_TEXT_ENCODING = 0x1F5:0x19:0x34
# environment
COMMAND_MODE = unix2003
# default
MAKEFILES := 
# automatic
<F = $(notdir $<)
# environment
PAGER = less
# environment
LC_ALL = C
# automatic
^F = $(notdir $^)
# default
SUFFIXES := 
# default
.INCLUDE_DIRS = /usr/local/include
# environment
MAKELEVEL := 0
# environment
LANG = C
# environment
VSCODE_PID = 13402
# variable set hash-table stats:
# Load=78/1024=8%, Rehash=0, Collisions=3/99=3%

# Pattern-specific Variable Values

# No pattern-specific variable values.

# Directories

# . (device 16777221, inode 13005122): 33 files, no impossibilities.

# 33 files, no impossibilities in 1 directories.

# Implicit Rules

# No implicit rules.

# Files

# Not a target:
all:
#  Command-line target.
#  Implicit rule search has been done.
#  File does not exist.
#  File has not been updated.
# variable set hash-table stats:
# Load=0/32=0%, Rehash=0, Collisions=0/0=0%

# Not a target:
.SUFFIXES:
#  Implicit rule search has not been done.
#  Modification time never checked.
#  File has not been updated.

# Not a target:
Makefile:
#  A default, MAKEFILES, or -include/sinclude makefile.
#  Implicit rule search has been done.
#  File does not exist.
#  File has been updated.
#  Failed to be updated.
# variable set hash-table stats:
# Load=0/32=0%, Rehash=0, Collisions=0/0=0%

# Not a target:
makefile:
#  A default, MAKEFILES, or -include/sinclude makefile.
#  Implicit rule search has been done.
#  File does not exist.
#  File has been updated.
#  Failed to be updated.
# variable set hash-table stats:
# Load=0/32=0%, Rehash=0, Collisions=0/0=0%

# Not a target:
.DEFAULT:
#  Implicit rule search has not been done.
#  Modification time never checked.
#  File has not been updated.

# Not a target:
GNUmakefile:
#  A default, MAKEFILES, or -include/sinclude makefile.
#  Implicit rule search has been done.
#  File does not exist.
#  File has been updated.
#  Failed to be updated.
# variable set hash-table stats:
# Load=0/32=0%, Rehash=0, Collisions=0/0=0%

# files hash-table stats:
# Load=6/1024=1%, Rehash=0, Collisions=0/17=0%
# VPATH Search Paths

# No `vpath' search paths.

# No general (`VPATH' variable) search path.

# # of strings in strcache: 0
# # of strcache buffers: 0
# strcache size: total = 0 / max = 0 / min = 4096 / avg = 0
# strcache free: total = 0 / max = 0 / min = 4096 / avg = 0

# Finished Make data base on Wed Jan 19 00:03:58 2022

 
